<?xml version="1.0" encoding="UTF-8"?>
<testsuites name="jest tests" tests="1" failures="0" time="5.53">
  <testsuite name="MQTT Publisher" errors="0" failures="0" skipped="0" timestamp="2020-01-17T07:50:10" time="4.722" tests="1">
    <testcase classname="MQTT Publisher Detect Status Change detects state change" name="MQTT Publisher Detect Status Change detects state change" time="0.003">
    </testcase>
  </testsuite>
</testsuites>